#
# There is insufficient memory for the Java Runtime Environment to continue.
# Native memory allocation (malloc) failed to allocate 65552 bytes for Chunk::new
# Possible reasons:
#   The system is out of physical RAM or swap space
#   The process is running with CompressedOops enabled, and the Java Heap may be blocking the growth of the native heap
# Possible solutions:
#   Reduce memory load on the system
#   Increase physical memory or swap space
#   Check if swap backing store is full
#   Decrease Java heap size (-Xmx/-Xms)
#   Decrease number of Java threads
#   Decrease Java thread stack sizes (-Xss)
#   Set larger code cache with -XX:ReservedCodeCacheSize=
#   JVM is running with Unscaled Compressed Oops mode in which the Java heap is
#     placed in the first 4GB address space. The Java Heap base address is the
#     maximum limit for the native heap growth. Please use -XX:HeapBaseMinAddress
#     to set the Java Heap base and to place the Java Heap above 4GB virtual address.
# This output file may be truncated or incomplete.
#
#  Out of Memory Error (allocation.cpp:389), pid=32472, tid=0x0000000000007f00
#
# JRE version: Java(TM) SE Runtime Environment (8.0_202-b08) (build 1.8.0_202-b08)
# Java VM: Java HotSpot(TM) 64-Bit Server VM (25.202-b08 mixed mode windows-amd64 compressed oops)
# Failed to write core dump. Minidumps are not enabled by default on client versions of Windows
#

---------------  T H R E A D  ---------------

Current thread (0x0000000013d75000):  JavaThread "C2 CompilerThread0" daemon [_thread_in_native, id=32512, stack(0x0000000015a10000,0x0000000015b10000)]

Stack: [0x0000000015a10000,0x0000000015b10000]
[error occurred during error reporting (printing stack bounds), id 0xc0000005]

Native frames: (J=compiled Java code, j=interpreted, Vv=VM code, C=native code)


Current CompileTask:
C2: 155916 16882       4       com.android.tools.r8.dex.DexParser::parseDebugInfo (613 bytes)


---------------  P R O C E S S  ---------------

Java Threads: ( => current thread )
  0x000000001bb93000 JavaThread "ForkJoinPool-1-worker-6" daemon [_thread_blocked, id=32136, stack(0x000000002a8a0000,0x000000002a9a0000)]
  0x000000001bb8b800 JavaThread "ForkJoinPool-1-worker-5" daemon [_thread_blocked, id=32228, stack(0x000000002a7a0000,0x000000002a8a0000)]
  0x000000001bb8d800 JavaThread "ForkJoinPool-1-worker-4" daemon [_thread_blocked, id=18392, stack(0x000000002a6a0000,0x000000002a7a0000)]
  0x000000001bb8f000 JavaThread "ForkJoinPool-1-worker-3" daemon [_thread_blocked, id=33672, stack(0x00000000221e0000,0x00000000222e0000)]
  0x000000001bb92800 JavaThread "ForkJoinPool-1-worker-2" daemon [_thread_blocked, id=31676, stack(0x0000000021be0000,0x0000000021ce0000)]
  0x000000001bb90000 JavaThread "ForkJoinPool-1-worker-1" daemon [_thread_blocked, id=31616, stack(0x0000000021ae0000,0x0000000021be0000)]
  0x000000001bb91000 JavaThread "ForkJoinPool.commonPool-worker-5" daemon [_thread_blocked, id=33588, stack(0x0000000021ce0000,0x0000000021de0000)]
  0x0000000019201800 JavaThread "ForkJoinPool.commonPool-worker-2" daemon [_thread_blocked, id=33616, stack(0x00000000219e0000,0x0000000021ae0000)]
  0x0000000019202800 JavaThread "ForkJoinPool.commonPool-worker-1" daemon [_thread_blocked, id=17124, stack(0x00000000218e0000,0x00000000219e0000)]
  0x0000000019201000 JavaThread "Cache worker for Java compile cache (C:\Users\MAX-PC\Desktop\react-native\educomm\android\.gradle\5.5\javaCompile)" [_thread_blocked, id=22532, stack(0x00000000211e0000,0x00000000212e0000)]
  0x0000000019200000 JavaThread "Cache worker for Java compile cache (C:\Users\MAX-PC\.gradle\caches\5.5\javaCompile)" [_thread_blocked, id=24528, stack(0x00000000210e0000,0x00000000211e0000)]
  0x0000000019207000 JavaThread "Cache worker for execution history cache (C:\Users\MAX-PC\Desktop\react-native\educomm\android\.gradle\5.5\executionHistory)" [_thread_blocked, id=33276, stack(0x0000000020fe0000,0x00000000210e0000)]
  0x0000000019206000 JavaThread "Execution worker for ':' Thread 5" [_thread_blocked, id=32640, stack(0x0000000020ce0000,0x0000000020de0000)]
  0x0000000019204800 JavaThread "Execution worker for ':' Thread 4" [_thread_in_Java, id=32920, stack(0x0000000020be0000,0x0000000020ce0000)]
  0x0000000019205800 JavaThread "Execution worker for ':' Thread 3" [_thread_blocked, id=32916, stack(0x0000000020ae0000,0x0000000020be0000)]
  0x0000000019204000 JavaThread "Execution worker for ':' Thread 2" [_thread_blocked, id=30816, stack(0x00000000209e0000,0x0000000020ae0000)]
  0x00000000191f9800 JavaThread "Execution worker for ':'" [_thread_blocked, id=29716, stack(0x00000000208e0000,0x00000000209e0000)]
  0x00000000191ff800 JavaThread "Cache worker for file content cache (C:\Users\MAX-PC\Desktop\react-native\educomm\android\.gradle\5.5\fileContent)" [_thread_blocked, id=32800, stack(0x00000000207e0000,0x00000000208e0000)]
  0x00000000191f8800 JavaThread "Cache worker for file content cache (C:\Users\MAX-PC\.gradle\caches\5.5\fileContent)" [_thread_blocked, id=32776, stack(0x00000000204c0000,0x00000000205c0000)]
  0x00000000191f8000 JavaThread "Memory manager" [_thread_blocked, id=33752, stack(0x00000000203c0000,0x00000000204c0000)]
  0x00000000191fa000 JavaThread "Cache worker for Build Output Cleanup Cache (C:\Users\MAX-PC\Desktop\react-native\educomm\android\.gradle\buildOutputCleanup)" [_thread_blocked, id=33508, stack(0x000000001e4f0000,0x000000001e5f0000)]
  0x00000000191fe000 JavaThread "Build operations Thread 6" [_thread_blocked, id=33100, stack(0x000000001ddf0000,0x000000001def0000)]
  0x00000000191fb000 JavaThread "Build operations Thread 5" [_thread_blocked, id=33124, stack(0x000000001dcf0000,0x000000001ddf0000)]
  0x00000000191fd000 JavaThread "Build operations Thread 4" [_thread_blocked, id=33132, stack(0x000000001dbf0000,0x000000001dcf0000)]
  0x00000000191fc800 JavaThread "Build operations Thread 3" [_thread_blocked, id=33128, stack(0x000000001daf0000,0x000000001dbf0000)]
  0x00000000191fb800 JavaThread "Build operations Thread 2" [_thread_blocked, id=33096, stack(0x000000001d9f0000,0x000000001daf0000)]
  0x00000000191fe800 JavaThread "Build operations" [_thread_blocked, id=33120, stack(0x000000001d8f0000,0x000000001d9f0000)]
  0x00000000174b7000 JavaThread "Cache worker for execution history cache (C:\Users\MAX-PC\.gradle\caches\5.5\executionHistory)" [_thread_blocked, id=32304, stack(0x000000001d5f0000,0x000000001d6f0000)]
  0x00000000174bb800 JavaThread "Cache worker for cache directory md-rule (C:\Users\MAX-PC\.gradle\caches\5.5\md-rule)" [_thread_blocked, id=32632, stack(0x000000001d4f0000,0x000000001d5f0000)]
  0x00000000174ba800 JavaThread "Cache worker for cache directory md-supplier (C:\Users\MAX-PC\.gradle\caches\5.5\md-supplier)" [_thread_blocked, id=32644, stack(0x000000001d1f0000,0x000000001d2f0000)]
  0x00000000174b6000 JavaThread "Cache worker for file hash cache (C:\Users\MAX-PC\Desktop\react-native\educomm\android\.gradle\5.5\fileHashes)" [_thread_blocked, id=32988, stack(0x000000001a550000,0x000000001a650000)]
  0x00000000174b4800 JavaThread "Cache worker for journal cache (C:\Users\MAX-PC\.gradle\caches\journal-1)" [_thread_blocked, id=32788, stack(0x0000000019080000,0x0000000019180000)]
  0x00000000174b5800 JavaThread "File lock request listener" [_thread_in_native, id=32016, stack(0x0000000018f80000,0x0000000019080000)]
  0x00000000174b9000 JavaThread "Cache worker for file hash cache (C:\Users\MAX-PC\.gradle\caches\5.5\fileHashes)" [_thread_blocked, id=31964, stack(0x0000000018d80000,0x0000000018e80000)]
  0x00000000160ae800 JavaThread "Thread-9" [_thread_blocked, id=32676, stack(0x0000000018c80000,0x0000000018d80000)]
  0x0000000015f36000 JavaThread "Stdin handler" [_thread_blocked, id=32508, stack(0x0000000018b80000,0x0000000018c80000)]
  0x0000000016095800 JavaThread "Asynchronous log dispatcher for DefaultDaemonConnection: socket connection from /127.0.0.1:57954 to /127.0.0.1:57955" [_thread_blocked, id=32092, stack(0x0000000018a80000,0x0000000018b80000)]
  0x0000000016094000 JavaThread "Daemon worker" [_thread_blocked, id=32104, stack(0x0000000018980000,0x0000000018a80000)]
  0x0000000015d7e800 JavaThread "Cancel handler" [_thread_blocked, id=32020, stack(0x0000000018880000,0x0000000018980000)]
  0x0000000015d7e000 JavaThread "Handler for socket connection from /127.0.0.1:57954 to /127.0.0.1:57955" [_thread_in_native, id=32068, stack(0x0000000018580000,0x0000000018680000)]
  0x0000000015d78800 JavaThread "Daemon" [_thread_blocked, id=13904, stack(0x0000000018480000,0x0000000018580000)]
  0x0000000016881800 JavaThread "Daemon periodic checks" [_thread_blocked, id=32140, stack(0x0000000018380000,0x0000000018480000)]
  0x0000000016879800 JavaThread "Incoming local TCP Connector on port 57954" [_thread_in_native, id=32024, stack(0x0000000018120000,0x0000000018220000)]
  0x0000000015f62800 JavaThread "Daemon health stats" [_thread_blocked, id=31788, stack(0x0000000017ae0000,0x0000000017be0000)]
  0x0000000015d7f800 JavaThread "Service Thread" daemon [_thread_blocked, id=31404, stack(0x0000000016110000,0x0000000016210000)]
  0x0000000013d78800 JavaThread "C1 CompilerThread2" daemon [_thread_blocked, id=3744, stack(0x0000000015c10000,0x0000000015d10000)]
  0x0000000013d81800 JavaThread "C2 CompilerThread1" daemon [_thread_in_native, id=32556, stack(0x0000000015b10000,0x0000000015c10000)]
=>0x0000000013d75000 JavaThread "C2 CompilerThread0" daemon [_thread_in_native, id=32512, stack(0x0000000015a10000,0x0000000015b10000)]
  0x0000000013d6e800 JavaThread "Attach Listener" daemon [_thread_blocked, id=32564, stack(0x0000000015910000,0x0000000015a10000)]
  0x0000000013d7c800 JavaThread "Signal Dispatcher" daemon [_thread_blocked, id=32528, stack(0x0000000015810000,0x0000000015910000)]
  0x000000000270e800 JavaThread "Finalizer" daemon [_thread_blocked, id=32184, stack(0x0000000015600000,0x0000000015700000)]
  0x0000000002705000 JavaThread "Reference Handler" daemon [_thread_blocked, id=31480, stack(0x0000000015500000,0x0000000015600000)]
  0x0000000002612800 JavaThread "main" [_thread_blocked, id=32248, stack(0x0000000002490000,0x0000000002590000)]

Other Threads:
  0x0000000013d37800 VMThread [stack: 0x0000000015400000,0x0000000015500000] [id=21612]
  0x0000000015d83800 WatcherThread [stack: 0x0000000016210000,0x0000000016310000] [id=32360]

VM state:not at safepoint (normal execution)

VM Mutex/Monitor currently owned by a thread: None

heap address: 0x00000000e0000000, size: 512 MB, Compressed Oops mode: 32-bit
Narrow klass base: 0x0000000000000000, Narrow klass shift: 3
Compressed class space size: 1073741824 Address: 0x0000000100000000

Heap:
 PSYoungGen      total 163328K, used 115417K [0x00000000f5580000, 0x00000000fff80000, 0x0000000100000000)
  eden space 152576K, 73% used [0x00000000f5580000,0x00000000fc34d898,0x00000000fea80000)
  from space 10752K, 27% used [0x00000000ff500000,0x00000000ff7e8ec0,0x00000000fff80000)
  to   space 10752K, 0% used [0x00000000fea80000,0x00000000fea80000,0x00000000ff500000)
 ParOldGen       total 194048K, used 75175K [0x00000000e0000000, 0x00000000ebd80000, 0x00000000f5580000)
  object space 194048K, 38% used [0x00000000e0000000,0x00000000e4969c78,0x00000000ebd80000)
 Metaspace       used 83967K, capacity 87102K, committed 87808K, reserved 1124352K
  class space    used 11085K, capacity 11778K, committed 12032K, reserved 1048576K

Card table byte_map: [0x0000000011ad0000,0x0000000011be0000] byte_map_base: 0x00000000113d0000

Marking Bits: (ParMarkBitMap*) 0x000000005ff65ce0
 Begin Bits: [0x0000000012290000, 0x0000000012a90000)
 End Bits:   [0x0000000012a90000, 0x0000000013290000)

Polling page: 0x0000000000bb0000

CodeCache: size=245760Kb used=47792Kb max_used=47794Kb free=197967Kb
 bounds [0x0000000002710000, 0x0000000005620000, 0x0000000011710000]
 total_blobs=14983 nmethods=14112 adapters=781
 compilation: enabled

Compilation events (10 events):
Event: 155.837 Thread 0x0000000013d78800 nmethod 17073 0x00000000048e6250 code [0x00000000048e6460, 0x00000000048e7148]
Event: 155.839 Thread 0x0000000013d78800 17076       3       com.android.tools.r8.ir.desugar.CovariantReturnTypeAnnotationTransformer::buildCovariantReturnTypeMethodsForClass (63 bytes)
Event: 155.840 Thread 0x0000000013d78800 nmethod 17076 0x00000000048e5610 code [0x00000000048e5800, 0x00000000048e5f88]
Event: 155.841 Thread 0x0000000013d78800 17078       3       com.android.tools.r8.utils.ClassMap::getAllClasses (104 bytes)
Event: 155.842 Thread 0x0000000013d78800 nmethod 17078 0x00000000048e3b90 code [0x00000000048e3e00, 0x00000000048e4e68]
Event: 155.843 Thread 0x0000000013d78800 17077       3       com.android.tools.r8.graph.DexAnnotationSet::getWithout (109 bytes)
Event: 155.843 Thread 0x0000000013d78800 nmethod 17077 0x00000000048e2f90 code [0x00000000048e3140, 0x00000000048e3838]
Event: 155.845 Thread 0x0000000013d78800 17079       3       com.android.tools.r8.graph.DexProgramClass::originatesFromClassResource (16 bytes)
Event: 155.845 Thread 0x0000000013d78800 nmethod 17079 0x0000000002ed9690 code [0x0000000002ed97e0, 0x0000000002ed9990]
Event: 155.846 Thread 0x0000000013d78800 17072       3       java.util.concurrent.ForkJoinTask::get (69 bytes)

GC Heap History (10 events):
Event: 141.970 GC heap before
{Heap before GC invocations=57 (full 4):
 PSYoungGen      total 160256K, used 154775K [0x00000000f5580000, 0x00000000ffe80000, 0x0000000100000000)
  eden space 149504K, 100% used [0x00000000f5580000,0x00000000fe780000,0x00000000fe780000)
  from space 10752K, 49% used [0x00000000ff400000,0x00000000ff925c68,0x00000000ffe80000)
  to   space 11776K, 0% used [0x00000000fe780000,0x00000000fe780000,0x00000000ff300000)
 ParOldGen       total 214528K, used 198763K [0x00000000e0000000, 0x00000000ed180000, 0x00000000f5580000)
  object space 214528K, 92% used [0x00000000e0000000,0x00000000ec21ac28,0x00000000ed180000)
 Metaspace       used 83165K, capacity 86170K, committed 86912K, reserved 1124352K
  class space    used 11020K, capacity 11684K, committed 11904K, reserved 1048576K
Event: 141.991 GC heap after
Heap after GC invocations=57 (full 4):
 PSYoungGen      total 161280K, used 3744K [0x00000000f5580000, 0x0000000100000000, 0x0000000100000000)
  eden space 149504K, 0% used [0x00000000f5580000,0x00000000f5580000,0x00000000fe780000)
  from space 11776K, 31% used [0x00000000fe780000,0x00000000feb28020,0x00000000ff300000)
  to   space 11264K, 0% used [0x00000000ff500000,0x00000000ff500000,0x0000000100000000)
 ParOldGen       total 214528K, used 202868K [0x00000000e0000000, 0x00000000ed180000, 0x00000000f5580000)
  object space 214528K, 94% used [0x00000000e0000000,0x00000000ec61d140,0x00000000ed180000)
 Metaspace       used 83165K, capacity 86170K, committed 86912K, reserved 1124352K
  class space    used 11020K, capacity 11684K, committed 11904K, reserved 1048576K
}
Event: 142.698 GC heap before
{Heap before GC invocations=58 (full 4):
 PSYoungGen      total 161280K, used 153248K [0x00000000f5580000, 0x0000000100000000, 0x0000000100000000)
  eden space 149504K, 100% used [0x00000000f5580000,0x00000000fe780000,0x00000000fe780000)
  from space 11776K, 31% used [0x00000000fe780000,0x00000000feb28020,0x00000000ff300000)
  to   space 11264K, 0% used [0x00000000ff500000,0x00000000ff500000,0x0000000100000000)
 ParOldGen       total 214528K, used 202868K [0x00000000e0000000, 0x00000000ed180000, 0x00000000f5580000)
  object space 214528K, 94% used [0x00000000e0000000,0x00000000ec61d140,0x00000000ed180000)
 Metaspace       used 83183K, capacity 86170K, committed 86912K, reserved 1124352K
  class space    used 11020K, capacity 11684K, committed 11904K, reserved 1048576K
Event: 142.872 GC heap after
Heap after GC invocations=58 (full 4):
 PSYoungGen      total 162304K, used 3712K [0x00000000f5580000, 0x00000000fff80000, 0x0000000100000000)
  eden space 151552K, 0% used [0x00000000f5580000,0x00000000f5580000,0x00000000fe980000)
  from space 10752K, 34% used [0x00000000ff500000,0x00000000ff8a0040,0x00000000fff80000)
  to   space 11264K, 0% used [0x00000000fe980000,0x00000000fe980000,0x00000000ff480000)
 ParOldGen       total 214528K, used 204989K [0x00000000e0000000, 0x00000000ed180000, 0x00000000f5580000)
  object space 214528K, 95% used [0x00000000e0000000,0x00000000ec82f418,0x00000000ed180000)
 Metaspace       used 83183K, capacity 86170K, committed 86912K, reserved 1124352K
  class space    used 11020K, capacity 11684K, committed 11904K, reserved 1048576K
}
Event: 143.835 GC heap before
{Heap before GC invocations=59 (full 4):
 PSYoungGen      total 162304K, used 155264K [0x00000000f5580000, 0x00000000fff80000, 0x0000000100000000)
  eden space 151552K, 100% used [0x00000000f5580000,0x00000000fe980000,0x00000000fe980000)
  from space 10752K, 34% used [0x00000000ff500000,0x00000000ff8a0040,0x00000000fff80000)
  to   space 11264K, 0% used [0x00000000fe980000,0x00000000fe980000,0x00000000ff480000)
 ParOldGen       total 214528K, used 204989K [0x00000000e0000000, 0x00000000ed180000, 0x00000000f5580000)
  object space 214528K, 95% used [0x00000000e0000000,0x00000000ec82f418,0x00000000ed180000)
 Metaspace       used 83280K, capacity 86266K, committed 86912K, reserved 1124352K
  class space    used 11026K, capacity 11690K, committed 11904K, reserved 1048576K
Event: 143.876 GC heap after
Heap after GC invocations=59 (full 4):
 PSYoungGen      total 162816K, used 5369K [0x00000000f5580000, 0x00000000fff80000, 0x0000000100000000)
  eden space 151552K, 0% used [0x00000000f5580000,0x00000000f5580000,0x00000000fe980000)
  from space 11264K, 47% used [0x00000000fe980000,0x00000000feebe790,0x00000000ff480000)
  to   space 10752K, 0% used [0x00000000ff500000,0x00000000ff500000,0x00000000fff80000)
 ParOldGen       total 214528K, used 207205K [0x00000000e0000000, 0x00000000ed180000, 0x00000000f5580000)
  object space 214528K, 96% used [0x00000000e0000000,0x00000000eca59798,0x00000000ed180000)
 Metaspace       used 83280K, capacity 86266K, committed 86912K, reserved 1124352K
  class space    used 11026K, capacity 11690K, committed 11904K, reserved 1048576K
}
Event: 143.876 GC heap before
{Heap before GC invocations=60 (full 5):
 PSYoungGen      total 162816K, used 5369K [0x00000000f5580000, 0x00000000fff80000, 0x0000000100000000)
  eden space 151552K, 0% used [0x00000000f5580000,0x00000000f5580000,0x00000000fe980000)
  from space 11264K, 47% used [0x00000000fe980000,0x00000000feebe790,0x00000000ff480000)
  to   space 10752K, 0% used [0x00000000ff500000,0x00000000ff500000,0x00000000fff80000)
 ParOldGen       total 214528K, used 207205K [0x00000000e0000000, 0x00000000ed180000, 0x00000000f5580000)
  object space 214528K, 96% used [0x00000000e0000000,0x00000000eca59798,0x00000000ed180000)
 Metaspace       used 83280K, capacity 86266K, committed 86912K, reserved 1124352K
  class space    used 11026K, capacity 11690K, committed 11904K, reserved 1048576K
Event: 144.062 GC heap after
Heap after GC invocations=60 (full 5):
 PSYoungGen      total 162816K, used 0K [0x00000000f5580000, 0x00000000fff80000, 0x0000000100000000)
  eden space 151552K, 0% used [0x00000000f5580000,0x00000000f5580000,0x00000000fe980000)
  from space 11264K, 0% used [0x00000000fe980000,0x00000000fe980000,0x00000000ff480000)
  to   space 10752K, 0% used [0x00000000ff500000,0x00000000ff500000,0x00000000fff80000)
 ParOldGen       total 194048K, used 75167K [0x00000000e0000000, 0x00000000ebd80000, 0x00000000f5580000)
  object space 194048K, 38% used [0x00000000e0000000,0x00000000e4967c78,0x00000000ebd80000)
 Metaspace       used 83280K, capacity 86266K, committed 86912K, reserved 1124352K
  class space    used 11026K, capacity 11690K, committed 11904K, reserved 1048576K
}
Event: 151.977 GC heap before
{Heap before GC invocations=61 (full 5):
 PSYoungGen      total 162816K, used 151552K [0x00000000f5580000, 0x00000000fff80000, 0x0000000100000000)
  eden space 151552K, 100% used [0x00000000f5580000,0x00000000fe980000,0x00000000fe980000)
  from space 11264K, 0% used [0x00000000fe980000,0x00000000fe980000,0x00000000ff480000)
  to   space 10752K, 0% used [0x00000000ff500000,0x00000000ff500000,0x00000000fff80000)
 ParOldGen       total 194048K, used 75167K [0x00000000e0000000, 0x00000000ebd80000, 0x00000000f5580000)
  object space 194048K, 38% used [0x00000000e0000000,0x00000000e4967c78,0x00000000ebd80000)
 Metaspace       used 83408K, capacity 86432K, committed 87168K, reserved 1124352K
  class space    used 11033K, capacity 11697K, committed 11904K, reserved 1048576K
Event: 151.991 GC heap after
Heap after GC invocations=61 (full 5):
 PSYoungGen      total 163328K, used 2979K [0x00000000f5580000, 0x00000000fff80000, 0x0000000100000000)
  eden space 152576K, 0% used [0x00000000f5580000,0x00000000f5580000,0x00000000fea80000)
  from space 10752K, 27% used [0x00000000ff500000,0x00000000ff7e8ec0,0x00000000fff80000)
  to   space 10752K, 0% used [0x00000000fea80000,0x00000000fea80000,0x00000000ff500000)
 ParOldGen       total 194048K, used 75175K [0x00000000e0000000, 0x00000000ebd80000, 0x00000000f5580000)
  object space 194048K, 38% used [0x00000000e0000000,0x00000000e4969c78,0x00000000ebd80000)
 Metaspace       used 83408K, capacity 86432K, committed 87168K, reserved 1124352K
  class space    used 11033K, capacity 11697K, committed 11904K, reserved 1048576K
}

Deoptimization events (10 events):
Event: 154.988 Thread 0x000000001bb8f000 Uncommon trap: reason=class_check action=maybe_recompile pc=0x0000000004c50114 method=com.android.tools.r8.dex.DexParser.cacheAt(ILjava/util/function/Supplier;)Ljava/lang/Object; @ 32
Event: 155.014 Thread 0x000000001bb90000 Uncommon trap: reason=class_check action=maybe_recompile pc=0x0000000004c50114 method=com.android.tools.r8.dex.DexParser.cacheAt(ILjava/util/function/Supplier;)Ljava/lang/Object; @ 32
Event: 155.014 Thread 0x000000001bb8d800 Uncommon trap: reason=class_check action=maybe_recompile pc=0x0000000004c50114 method=com.android.tools.r8.dex.DexParser.cacheAt(ILjava/util/function/Supplier;)Ljava/lang/Object; @ 32
Event: 155.025 Thread 0x000000001bb8b800 Uncommon trap: reason=unstable_if action=reinterpret pc=0x0000000004b16004 method=com.android.tools.r8.it.unimi.dsi.fastutil.ints.Int2ObjectOpenHashMap.get(I)Ljava/lang/Object; @ 8
Event: 155.074 Thread 0x000000001bb92800 Uncommon trap: reason=unstable_if action=reinterpret pc=0x00000000044ef8bc method=java.util.Arrays.hashCode([Ljava/lang/Object;)I @ 1
Event: 155.279 Thread 0x000000001bb8b800 Uncommon trap: reason=unstable_if action=reinterpret pc=0x00000000054e4bfc method=com.android.tools.r8.graph.DexProto.computeEquals(Ljava/lang/Object;)Z @ 51
Event: 155.288 Thread 0x000000001bb90000 Uncommon trap: reason=unstable_if action=reinterpret pc=0x0000000004ba5ab8 method=com.android.tools.r8.graph.DexProto.computeEquals(Ljava/lang/Object;)Z @ 51
Event: 155.365 Thread 0x000000001bb92800 Uncommon trap: reason=unstable_if action=reinterpret pc=0x0000000002f85fa0 method=java.util.concurrent.ConcurrentLinkedQueue.offer(Ljava/lang/Object;)Z @ 91
Event: 155.468 Thread 0x000000001bb92800 Uncommon trap: reason=unloaded action=reinterpret pc=0x00000000047d8228 method=com.android.tools.r8.code.BaseInstructionFactory.create(IILcom/android/tools/r8/code/BytecodeStream;Lcom/android/tools/r8/graph/OffsetToObjectMapping;)Lcom/android/tools/r8/cod
Event: 155.845 Thread 0x0000000019204800 Uncommon trap: reason=unstable_if action=reinterpret pc=0x0000000005411a58 method=com.android.tools.r8.dex.Marker.parse(Lcom/android/tools/r8/graph/DexString;)Lcom/android/tools/r8/dex/Marker; @ 16

Classes redefined (0 events):
No events

Internal exceptions (10 events):
Event: 148.440 Thread 0x00000000174ba000 Exception <a 'sun/nio/fs/WindowsException'> (0x00000000fdb09058) thrown at [C:\re\workspace\8-2-build-windows-amd64-cygwin\jdk8u202\12323\hotspot\src\share\vm\prims\jni.cpp, line 710]
Event: 148.467 Thread 0x0000000019203000 Exception <a 'sun/nio/fs/WindowsException'> (0x00000000fdbd9c50) thrown at [C:\re\workspace\8-2-build-windows-amd64-cygwin\jdk8u202\12323\hotspot\src\share\vm\prims\jni.cpp, line 710]
Event: 148.477 Thread 0x0000000019203000 Exception <a 'sun/nio/fs/WindowsException'> (0x00000000fdc213c0) thrown at [C:\re\workspace\8-2-build-windows-amd64-cygwin\jdk8u202\12323\hotspot\src\share\vm\prims\jni.cpp, line 710]
Event: 148.506 Thread 0x00000000174ba000 Exception <a 'sun/nio/fs/WindowsException'> (0x00000000fdc5d030) thrown at [C:\re\workspace\8-2-build-windows-amd64-cygwin\jdk8u202\12323\hotspot\src\share\vm\prims\jni.cpp, line 710]
Event: 148.518 Thread 0x00000000174ba000 Exception <a 'sun/nio/fs/WindowsException'> (0x00000000fdca2890) thrown at [C:\re\workspace\8-2-build-windows-amd64-cygwin\jdk8u202\12323\hotspot\src\share\vm\prims\jni.cpp, line 710]
Event: 148.603 Thread 0x00000000174ba000 Exception <a 'sun/nio/fs/WindowsException'> (0x00000000fdce7910) thrown at [C:\re\workspace\8-2-build-windows-amd64-cygwin\jdk8u202\12323\hotspot\src\share\vm\prims\jni.cpp, line 710]
Event: 153.915 Thread 0x0000000016094000 Implicit null exception at 0x0000000004370e13 to 0x0000000004372d6d
Event: 154.439 Thread 0x0000000019204800 Exception <a 'sun/nio/fs/WindowsException'> (0x00000000f629b1d8) thrown at [C:\re\workspace\8-2-build-windows-amd64-cygwin\jdk8u202\12323\hotspot\src\share\vm\prims\jni.cpp, line 710]
Event: 154.627 Thread 0x0000000019204800 Exception <a 'sun/nio/fs/WindowsException'> (0x00000000f7370f08) thrown at [C:\re\workspace\8-2-build-windows-amd64-cygwin\jdk8u202\12323\hotspot\src\share\vm\prims\jni.cpp, line 710]
Event: 155.074 Thread 0x000000001bb92800 Implicit null exception at 0x00000000044ef7af to 0x00000000044ef8ad

Events (10 events):
Event: 155.835 Thread 0x0000000013d78800 flushing nmethod 0x00000000032099d0
Event: 155.841 Thread 0x0000000019204800 DEOPT PACKING pc=0x000000000483049c sp=0x0000000020cdb370
Event: 155.841 Thread 0x0000000019204800 DEOPT UNPACKING pc=0x0000000002757490 sp=0x0000000020cdb118 mode 0
Event: 155.845 Thread 0x0000000019204800 Uncommon trap: trap_request=0xffffff65 fr.pc=0x0000000005411a58
Event: 155.845 Thread 0x0000000019204800 DEOPT PACKING pc=0x0000000005411a58 sp=0x0000000020cdb350
Event: 155.845 Thread 0x0000000019204800 DEOPT UNPACKING pc=0x000000000275583b sp=0x0000000020cdb2e0 mode 2
Event: 155.845 loading class com/android/tools/r8/com/google/gson/JsonParser
Event: 155.845 loading class com/android/tools/r8/com/google/gson/JsonParser done
Event: 155.846 loading class com/android/tools/r8/com/google/gson/internal/JsonReaderInternalAccess
Event: 155.846 loading class com/android/tools/r8/com/google/gson/internal/JsonReaderInternalAccess done


Dynamic libraries:
0x00007ff7b26c0000 - 0x00007ff7b26f7000 	C:\Program Files\Java\jdk1.8.0_202\bin\java.exe
0x00007fffcb510000 - 0x00007fffcb704000 	C:\WINDOWS\SYSTEM32\ntdll.dll
0x00007fffcada0000 - 0x00007fffcae5d000 	C:\WINDOWS\System32\KERNEL32.DLL
0x00007fffc92c0000 - 0x00007fffc9587000 	C:\WINDOWS\System32\KERNELBASE.dll
0x00007fffc6540000 - 0x00007fffc65d0000 	C:\WINDOWS\SYSTEM32\apphelp.dll
0x00007fffca350000 - 0x00007fffca3fa000 	C:\WINDOWS\System32\ADVAPI32.dll
0x00007fffca670000 - 0x00007fffca70e000 	C:\WINDOWS\System32\msvcrt.dll
0x00007fffcb190000 - 0x00007fffcb22b000 	C:\WINDOWS\System32\sechost.dll
0x00007fffcb060000 - 0x00007fffcb183000 	C:\WINDOWS\System32\RPCRT4.dll
0x00007fffca0b0000 - 0x00007fffca250000 	C:\WINDOWS\System32\USER32.dll
0x00007fffc91f0000 - 0x00007fffc9212000 	C:\WINDOWS\System32\win32u.dll
0x00007fffc9590000 - 0x00007fffc95ba000 	C:\WINDOWS\System32\GDI32.dll
0x00007fffc9030000 - 0x00007fffc913a000 	C:\WINDOWS\System32\gdi32full.dll
0x00007fffc9220000 - 0x00007fffc92bd000 	C:\WINDOWS\System32\msvcp_win.dll
0x00007fffc8f00000 - 0x00007fffc9000000 	C:\WINDOWS\System32\ucrtbase.dll
0x00007fffbc290000 - 0x00007fffbc52a000 	C:\WINDOWS\WinSxS\amd64_microsoft.windows.common-controls_6595b64144ccf1df_6.0.19025.1_none_b559e58d468142a6\COMCTL32.dll
0x00007fffca400000 - 0x00007fffca430000 	C:\WINDOWS\System32\IMM32.DLL
0x000000005fff0000 - 0x00000000600c2000 	C:\Program Files\Java\jdk1.8.0_202\jre\bin\msvcr100.dll
0x000000005f740000 - 0x000000005ffe5000 	C:\Program Files\Java\jdk1.8.0_202\jre\bin\server\jvm.dll
0x00007fffcb230000 - 0x00007fffcb238000 	C:\WINDOWS\System32\PSAPI.DLL
0x00007fffb9560000 - 0x00007fffb9569000 	C:\WINDOWS\SYSTEM32\WSOCK32.dll
0x00007fffcaca0000 - 0x00007fffcad0b000 	C:\WINDOWS\System32\WS2_32.dll
0x00007fffbe130000 - 0x00007fffbe157000 	C:\WINDOWS\SYSTEM32\WINMM.dll
0x00007fffc2d20000 - 0x00007fffc2d2a000 	C:\WINDOWS\SYSTEM32\VERSION.dll
0x00007fffc4bd0000 - 0x00007fffc4bdf000 	C:\Program Files\Java\jdk1.8.0_202\jre\bin\verify.dll
0x00007fffbdaa0000 - 0x00007fffbdac9000 	C:\Program Files\Java\jdk1.8.0_202\jre\bin\java.dll
0x00007fffbe6a0000 - 0x00007fffbe6b6000 	C:\Program Files\Java\jdk1.8.0_202\jre\bin\zip.dll
0x00007fffc9920000 - 0x00007fffca050000 	C:\WINDOWS\System32\SHELL32.dll
0x00007fffc6df0000 - 0x00007fffc757c000 	C:\WINDOWS\SYSTEM32\windows.storage.dll
0x00007fffc95c0000 - 0x00007fffc9914000 	C:\WINDOWS\System32\combase.dll
0x00007fffca4e0000 - 0x00007fffca58e000 	C:\WINDOWS\System32\SHCORE.dll
0x00007fffcaff0000 - 0x00007fffcb045000 	C:\WINDOWS\System32\shlwapi.dll
0x00007fffc8bb0000 - 0x00007fffc8bcf000 	C:\WINDOWS\SYSTEM32\profapi.dll
0x00007fffbb900000 - 0x00007fffbb91a000 	C:\Program Files\Java\jdk1.8.0_202\jre\bin\net.dll
0x00007fffbbe40000 - 0x00007fffbc02d000 	C:\WINDOWS\SYSTEM32\urlmon.dll
0x00007fffbbb90000 - 0x00007fffbbe3e000 	C:\WINDOWS\SYSTEM32\iertutil.dll
0x00007fffc8410000 - 0x00007fffc847a000 	C:\WINDOWS\system32\mswsock.dll
0x00007fffb5e80000 - 0x00007fffb5e92000 	C:\Program Files\Java\jdk1.8.0_202\jre\bin\nio.dll
0x00007fffbb7d0000 - 0x00007fffbb7f6000 	C:\Users\MAX-PC\.gradle\native\29\windows-amd64\native-platform.dll
0x00007fffc1d80000 - 0x00007fffc1d8d000 	C:\Program Files\Java\jdk1.8.0_202\jre\bin\management.dll
0x00007fffc8970000 - 0x00007fffc8988000 	C:\WINDOWS\SYSTEM32\CRYPTSP.dll
0x00007fffc7d60000 - 0x00007fffc7d94000 	C:\WINDOWS\system32\rsaenh.dll
0x00007fffc9000000 - 0x00007fffc9027000 	C:\WINDOWS\System32\bcrypt.dll
0x00007fffc8b30000 - 0x00007fffc8b5e000 	C:\WINDOWS\SYSTEM32\USERENV.dll
0x00007fffc8e30000 - 0x00007fffc8eaf000 	C:\WINDOWS\System32\bcryptprimitives.dll
0x00007fffc8590000 - 0x00007fffc859c000 	C:\WINDOWS\SYSTEM32\CRYPTBASE.dll
0x00007fffc80e0000 - 0x00007fffc811b000 	C:\WINDOWS\SYSTEM32\IPHLPAPI.DLL
0x00007fffcb050000 - 0x00007fffcb059000 	C:\WINDOWS\System32\NSI.dll
0x00007fffc39d0000 - 0x00007fffc39e7000 	C:\WINDOWS\SYSTEM32\dhcpcsvc6.DLL
0x00007fffc39b0000 - 0x00007fffc39cd000 	C:\WINDOWS\SYSTEM32\dhcpcsvc.DLL
0x00007fffc8130000 - 0x00007fffc81f6000 	C:\WINDOWS\SYSTEM32\DNSAPI.dll

VM Arguments:
jvm_args: -XX:MaxMetaspaceSize=256m -XX:+HeapDumpOnOutOfMemoryError -Xms256m -Xmx512m -Dfile.encoding=windows-1252 -Duser.country=BR -Duser.language=pt -Duser.variant 
java_command: org.gradle.launcher.daemon.bootstrap.GradleDaemon 5.5
java_class_path (initial): C:\Users\MAX-PC\.gradle\wrapper\dists\gradle-5.5-all\byeise1led9a3w3p149d02kfj\gradle-5.5\lib\gradle-launcher-5.5.jar
Launcher Type: SUN_STANDARD

Environment Variables:
CLASSPATH=C:\Users\MAX-PC\Desktop\react-native\educomm\android\\gradle\wrapper\gradle-wrapper.jar
PATH=C:\Program Files\Java\jdk1.8.0_202\bin;C:\ProgramData\Oracle\Java\javapath;C:\WINDOWS\system32;C:\WINDOWS;C:\WINDOWS\System32\Wbem;C:\WINDOWS\System32\WindowsPowerShell\v1.0\;C:\WINDOWS\System32\OpenSSH\;C:\PostgreSQL\pg10\bin;C:\Program Files\nodejs\;C:\Program Files\MySQL\MySQL Server 5.7\bin;C:\Program Files\dotnet\;C:\Program Files\Microsoft SQL Server\130\Tools\Binn\;C:\Program Files\Microsoft SQL Server\Client SDK\ODBC\170\Tools\Binn\;C:\Users\MAX-PC\AppData\Local\Android\Sdk\emulator;C:\Users\MAX-PC\AppData\Local\Android\Sdk\tools;C:\Users\MAX-PC\AppData\Local\Android\Sdk\tools\bin;C:\Users\MAX-PC\AppData\Local\Android\Sdk\platform-tools;C:\Program Files\Git\cmd;C:\Program Files\Java\jdk1.8.0_202\bin;C:\Users\MAX-PC\AppData\Local\Microsoft\WindowsApps;C:\Program Files\Microsoft VS Code\bin;C:\Users\MAX-PC\AppData\Roaming\npm;C:\Program Files\MySQL\MySQL Server 5.7\bin;C:\Users\MAX-PC\AppData\Local\Android\Sdk\emulator;C:\Users\MAX-PC\AppData\Local\Android\Sdk\tools;C:\Users\MAX-PC\AppData\Local\Android\Sdk\tools\bin;C:\Users\MAX-PC\AppData\Local\Android\Sdk\platform-tools;C:\Users\MAX-PC\AppData\Local\Programs\Microsoft VS Code\bin;
USERNAME=MAX-PC
OS=Windows_NT
PROCESSOR_IDENTIFIER=AMD64 Family 21 Model 2 Stepping 0, AuthenticAMD



---------------  S Y S T E M  ---------------

OS: Windows 10.0 , 64 bit Build 19025 (10.0.19025.1)

CPU:total 6 (initial active 6) (6 cores per cpu, 1 threads per core) family 21 model 2 stepping 0, cmov, cx8, fxsr, mmx, sse, sse2, sse3, ssse3, sse4.1, sse4.2, popcnt, avx, aes, clmul, mmxext, 3dnowpref, lzcnt, sse4a, tsc, tscinvbit, tscinv, bmi1

Memory: 4k page, physical 20819788k(4480460k free), swap 20819788k(5144k free)

vm_info: Java HotSpot(TM) 64-Bit Server VM (25.202-b08) for windows-amd64 JRE (1.8.0_202-b08), built on Dec 15 2018 19:54:30 by "java_re" with MS VC++ 10.0 (VS2010)

time: Tue Dec 03 22:45:56 2019
timezone: Hora oficial do Brasil
elapsed time: 156 seconds (0d 0h 2m 36s)

